[2023-10-09 08:36:41] [display]  HELIX (C) Copyright. All Rights Reserved.
[2023-10-09 08:36:41] [display]  Starting Server at Port: 7777. Version: 0.29.8. Map: 'nova-cinema::HV_Cinema_Nova'.
[2023-10-09 08:36:41] [display]  Fetching Vault Data...
[2023-10-09 08:36:41] [warning]  Loading Map 'nova-cinema::HV_Cinema_Nova' in a deprecated way! Should create and use a Package of type 'map' instead!
[2023-10-09 08:36:41] [display]  Loading and caching local Asset Pack 'nova-cinema'...
[2023-10-09 08:36:41] [display]  Asset Pack 'nova-cinema' loaded (754 files - 1008.9 MB).
[2023-10-09 08:36:41] [display]  Loading and caching local Asset Pack 'pco-markers'...
[2023-10-09 08:36:41] [display]  Asset Pack 'pco-markers' loaded (23 files - 3.1 MB).
[2023-10-09 08:36:41] [display]  Loading Package 'mondaydemo'...
[2023-10-09 08:36:41] [script]   prop is supposed to be spawned!
[2023-10-09 08:36:41] [display]  Package 'mondaydemo' loaded.
[2023-10-09 08:37:34] [display]  Player '127.0.0.1' is connecting ('quintinius' - 'be752ce5-0036-4219-803a-ad4a92571287' - client ver. '0.29.11').
[2023-10-09 08:37:35] WARNING  Server Tick extremely high! Verify the server performance! Server got stuck for 347ms.
[2023-10-09 08:37:38] [display]  Player 'quintinius' (127.0.0.1 - be752ce5-0036-4219-803a-ad4a92571287) has connected!
[2023-10-09 08:39:39] [display]  Closing the server with love and peace...
[2023-10-09 08:39:39] [display]  Package 'mondaydemo' unloaded.
[2023-10-09 08:39:39] [warning]  Closing the Server with anger and hate!
[2023-10-09 08:39:39] [error]    Failed to close HTTPServer! Are you smashing CTRL + C???
[2023-10-09 08:39:39] [display]  Closing connections...
[2023-10-09 08:39:39] [fatal]    Unhandled Server Crash! This is not intended to happen, please contact the support!
Error: no such process: no such process
